<?xml version="1.0" encoding="UTF-8"?>
<testsuite xmlns:xsi="http://www.w3.org/2001/XMLSchema-instance" xsi:noNamespaceSchemaLocation="https://maven.apache.org/surefire/maven-surefire-plugin/xsd/surefire-test-report.xsd" version="3.0.2" name="com.quynhontravel.tourism.TourismApplicationTests" time="19.298" tests="1" errors="0" skipped="0" failures="0" flakes="0">
  <properties>
[...]
</properties>
  <testcase name="testChatbotResponse" classname="com.quynhontravel.tourism.TourismApplicationTests" time="4.505">
    <system-out><![CDATA[18:33:03.821 [main] INFO org.springframework.test.context.support.AnnotationConfigContextLoaderUtils -- Could not detect default configuration classes for test class [com.quynhontravel.tourism.TourismApplicationTests]: TourismApplicationTests does not declare any static, non-private, non-final, nested classes annotated with @Configuration.
18:33:04.071 [main] INFO org.springframework.boot.test.context.SpringBootTestContextBootstrapper -- Found @SpringBootConfiguration com.quynhontravel.tourism.TourismApplication for test class com.quynhontravel.tourism.TourismApplicationTests
18:33:04.282 [main] INFO org.springframework.test.context.support.AnnotationConfigContextLoaderUtils -- Could not detect default configuration classes for test class [com.quynhontravel.tourism.TourismApplicationTests]: TourismApplicationTests does not declare any static, non-private, non-final, nested classes annotated with @Configuration.
18:33:04.285 [main] INFO org.springframework.boot.test.context.SpringBootTestContextBootstrapper -- Found @SpringBootConfiguration com.quynhontravel.tourism.TourismApplication for test class com.quynhontravel.tourism.TourismApplicationTests

  .   ____          _            __ _ _
 /\\ / ___'_ __ _ _(_)_ __  __ _ \ \ \ \
( ( )\___ | '_ | '_| | '_ \/ _` | \ \ \ \
 \\/  ___)| |_)| | | | | || (_| |  ) ) ) )
  '  |____| .__|_| |_|_| |_\__, | / / / /
 =========|_|==============|___/=/_/_/_/

 :: Spring Boot ::                (v4.0.6)

2026-06-04T18:33:05.145+07:00  INFO 10332 --- [tourism] [           main] c.q.tourism.TourismApplicationTests      : Starting TourismApplicationTests using Java 24 with PID 10332 (started by bossPC in L:\tourism)
2026-06-04T18:33:05.147+07:00  INFO 10332 --- [tourism] [           main] c.q.tourism.TourismApplicationTests      : No active profile set, falling back to 1 default profile: "default"
2026-06-04T18:33:07.668+07:00  INFO 10332 --- [tourism] [           main] .s.d.r.c.RepositoryConfigurationDelegate : Multiple Spring Data modules found, entering strict repository configuration mode
2026-06-04T18:33:07.672+07:00  INFO 10332 --- [tourism] [           main] .s.d.r.c.RepositoryConfigurationDelegate : Bootstrapping Spring Data JPA repositories in DEFAULT mode.
2026-06-04T18:33:08.073+07:00  INFO 10332 --- [tourism] [           main] .s.d.r.c.RepositoryConfigurationDelegate : Finished Spring Data repository scanning in 374 ms. Found 11 JPA repository interfaces.
2026-06-04T18:33:08.132+07:00  INFO 10332 --- [tourism] [           main] .s.d.r.c.RepositoryConfigurationDelegate : Multiple Spring Data modules found, entering strict repository configuration mode
2026-06-04T18:33:08.134+07:00  INFO 10332 --- [tourism] [           main] .s.d.r.c.RepositoryConfigurationDelegate : Bootstrapping Spring Data Redis repositories in DEFAULT mode.
2026-06-04T18:33:08.180+07:00  INFO 10332 --- [tourism] [           main] .RepositoryConfigurationExtensionSupport : Spring Data Redis - Could not safely identify store assignment for repository candidate interface com.quynhontravel.tourism.modules.ai.repository.AiDynamicPricingLogRepository; If you want this repository to be a Redis repository, consider annotating your entities with one of these annotations: org.springframework.data.redis.core.RedisHash (preferred), or consider extending one of the following types with your repository: org.springframework.data.keyvalue.repository.KeyValueRepository
2026-06-04T18:33:08.180+07:00  INFO 10332 --- [tourism] [           main] .RepositoryConfigurationExtensionSupport : Spring Data Redis - Could not safely identify store assignment for repository candidate interface com.quynhontravel.tourism.modules.ai.repository.AiTravelPlanRepository; If you want this repository to be a Redis repository, consider annotating your entities with one of these annotations: org.springframework.data.redis.core.RedisHash (preferred), or consider extending one of the following types with your repository: org.springframework.data.keyvalue.repository.KeyValueRepository
2026-06-04T18:33:08.181+07:00  INFO 10332 --- [tourism] [           main] .RepositoryConfigurationExtensionSupport : Spring Data Redis - Could not safely identify store assignment for repository candidate interface com.quynhontravel.tourism.modules.auth.repository.OtpSessionRepository; If you want this repository to be a Redis repository, consider annotating your entities with one of these annotations: org.springframework.data.redis.core.RedisHash (preferred), or consider extending one of the following types with your repository: org.springframework.data.keyvalue.repository.KeyValueRepository
2026-06-04T18:33:08.181+07:00  INFO 10332 --- [tourism] [           main] .RepositoryConfigurationExtensionSupport : Spring Data Redis - Could not safely identify store assignment for repository candidate interface com.quynhontravel.tourism.modules.booking.repository.BookingRepository; If you want this repository to be a Redis repository, consider annotating your entities with one of these annotations: org.springframework.data.redis.core.RedisHash (preferred), or consider extending one of the following types with your repository: org.springframework.data.keyvalue.repository.KeyValueRepository
2026-06-04T18:33:08.181+07:00  INFO 10332 --- [tourism] [           main] .RepositoryConfigurationExtensionSupport : Spring Data Redis - Could not safely identify store assignment for repository candidate interface com.quynhontravel.tourism.modules.payment.repository.PaymentRepository; If you want this repository to be a Redis repository, consider annotating your entities with one of these annotations: org.springframework.data.redis.core.RedisHash (preferred), or consider extending one of the following types with your repository: org.springframework.data.keyvalue.repository.KeyValueRepository
2026-06-04T18:33:08.181+07:00  INFO 10332 --- [tourism] [           main] .RepositoryConfigurationExtensionSupport : Spring Data Redis - Could not safely identify store assignment for repository candidate interface com.quynhontravel.tourism.modules.review.repository.ReviewRepository; If you want this repository to be a Redis repository, consider annotating your entities with one of these annotations: org.springframework.data.redis.core.RedisHash (preferred), or consider extending one of the following types with your repository: org.springframework.data.keyvalue.repository.KeyValueRepository
2026-06-04T18:33:08.182+07:00  INFO 10332 --- [tourism] [           main] .RepositoryConfigurationExtensionSupport : Spring Data Redis - Could not safely identify store assignment for repository candidate interface com.quynhontravel.tourism.modules.tour.repository.CategoryRepository; If you want this repository to be a Redis repository, consider annotating your entities with one of these annotations: org.springframework.data.redis.core.RedisHash (preferred), or consider extending one of the following types with your repository: org.springframework.data.keyvalue.repository.KeyValueRepository
2026-06-04T18:33:08.182+07:00  INFO 10332 --- [tourism] [           main] .RepositoryConfigurationExtensionSupport : Spring Data Redis - Could not safely identify store assignment for repository candidate interface com.quynhontravel.tourism.modules.tour.repository.TourRepository; If you want this repository to be a Redis repository, consider annotating your entities with one of these annotations: org.springframework.data.redis.core.RedisHash (preferred), or consider extending one of the following types with your repository: org.springframework.data.keyvalue.repository.KeyValueRepository
2026-06-04T18:33:08.182+07:00  INFO 10332 --- [tourism] [           main] .RepositoryConfigurationExtensionSupport : Spring Data Redis - Could not safely identify store assignment for repository candidate interface com.quynhontravel.tourism.modules.tour.repository.TourScheduleRepository; If you want this repository to be a Redis repository, consider annotating your entities with one of these annotations: org.springframework.data.redis.core.RedisHash (preferred), or consider extending one of the following types with your repository: org.springframework.data.keyvalue.repository.KeyValueRepository
2026-06-04T18:33:08.182+07:00  INFO 10332 --- [tourism] [           main] .RepositoryConfigurationExtensionSupport : Spring Data Redis - Could not safely identify store assignment for repository candidate interface com.quynhontravel.tourism.modules.user.repository.UserRepository; If you want this repository to be a Redis repository, consider annotating your entities with one of these annotations: org.springframework.data.redis.core.RedisHash (preferred), or consider extending one of the following types with your repository: org.springframework.data.keyvalue.repository.KeyValueRepository
2026-06-04T18:33:08.182+07:00  INFO 10332 --- [tourism] [           main] .RepositoryConfigurationExtensionSupport : Spring Data Redis - Could not safely identify store assignment for repository candidate interface com.quynhontravel.tourism.modules.wishlist.repository.WishlistRepository; If you want this repository to be a Redis repository, consider annotating your entities with one of these annotations: org.springframework.data.redis.core.RedisHash (preferred), or consider extending one of the following types with your repository: org.springframework.data.keyvalue.repository.KeyValueRepository
2026-06-04T18:33:08.183+07:00  INFO 10332 --- [tourism] [           main] .s.d.r.c.RepositoryConfigurationDelegate : Finished Spring Data repository scanning in 26 ms. Found 0 Redis repository interfaces.
2026-06-04T18:33:10.167+07:00  INFO 10332 --- [tourism] [           main] org.hibernate.orm.jpa                    : HHH008540: Processing PersistenceUnitInfo [name: default]
2026-06-04T18:33:10.387+07:00  INFO 10332 --- [tourism] [           main] org.hibernate.orm.core                   : HHH000001: Hibernate ORM core version 7.2.12.Final
2026-06-04T18:33:11.177+07:00  INFO 10332 --- [tourism] [           main] o.s.o.j.p.SpringPersistenceUnitInfo      : No LoadTimeWeaver setup: ignoring JPA class transformer
2026-06-04T18:33:11.225+07:00  INFO 10332 --- [tourism] [           main] com.zaxxer.hikari.HikariDataSource       : HikariPool-1 - Starting...
2026-06-04T18:33:11.548+07:00  INFO 10332 --- [tourism] [           main] com.zaxxer.hikari.pool.HikariPool        : HikariPool-1 - Added connection org.postgresql.jdbc.PgConnection@3a7d6976
2026-06-04T18:33:11.550+07:00  INFO 10332 --- [tourism] [           main] com.zaxxer.hikari.HikariDataSource       : HikariPool-1 - Start completed.
2026-06-04T18:33:11.613+07:00  WARN 10332 --- [tourism] [           main] org.hibernate.orm.deprecation            : HHH90000025: PostgreSQLDialect does not need to be specified explicitly using 'hibernate.dialect' (remove the property setting and it will be selected by default)
2026-06-04T18:33:11.675+07:00  INFO 10332 --- [tourism] [           main] org.hibernate.orm.connections.pooling    : HHH10001005: Database info:
	Database JDBC URL [jdbc:postgresql://localhost:5432/tourism]
	Database driver: PostgreSQL JDBC Driver
	Database dialect: PostgreSQLDialect
	Database version: 18.1
	Default catalog/schema: tourism/public
	Autocommit mode: undefined/unknown
	Isolation level: READ_COMMITTED [default READ_COMMITTED]
	JDBC fetch size: none
	Pool: DataSourceConnectionProvider
	Minimum pool size: undefined/unknown
	Maximum pool size: undefined/unknown
2026-06-04T18:33:13.888+07:00  INFO 10332 --- [tourism] [           main] org.hibernate.orm.core                   : HHH000489: No JTA platform available (set 'hibernate.transaction.jta.platform' to enable JTA platform integration)
2026-06-04T18:33:14.018+07:00  INFO 10332 --- [tourism] [           main] j.LocalContainerEntityManagerFactoryBean : Initialized JPA EntityManagerFactory for persistence unit 'default'
2026-06-04T18:33:14.325+07:00  INFO 10332 --- [tourism] [           main] o.s.d.j.r.query.QueryEnhancerFactories   : Hibernate is in classpath; If applicable, HQL parser will be used.
2026-06-04T18:33:16.308+07:00  WARN 10332 --- [tourism] [           main] JpaBaseConfiguration$JpaWebConfiguration : spring.jpa.open-in-view is enabled by default. Therefore, database queries may be performed during view rendering. Explicitly configure spring.jpa.open-in-view to disable this warning
2026-06-04T18:33:18.198+07:00  INFO 10332 --- [tourism] [           main] c.q.tourism.TourismApplicationTests      : Started TourismApplicationTests in 13.743 seconds (process running for 15.994)
=== TESTING CHATBOT CONSULTATION ===
Question: Bánh xèo tôm nhảy Quy Nhơn ăn ở đâu ngon nhất và Kỳ Co có gì đẹp không?
2026-06-04T18:33:18.739+07:00  INFO 10332 --- [tourism] [           main] c.q.t.modules.ai.service.AiService       : ?ang t?o embedding truy v?n cho chatbot b?ng gemini-embedding-001...
Hibernate: 
    select
        t1_0.id,
        t1_0.base_price,
        t1_0.category_id,
        t1_0.cover_image,
        t1_0.created_at,
        t1_0.created_by,
        t1_0.description,
        t1_0.duration_days,
        t1_0.duration_nights,
        t1_0.images_gallery,
        t1_0.is_deleted,
        t1_0.slug,
        t1_0.title,
        t1_0.updated_at 
    from
        tours t1_0 
    where
        t1_0.is_deleted=false
2026-06-04T18:33:20.406+07:00  INFO 10332 --- [tourism] [           main] c.q.t.integration.gemini.GeminiService   : ?ang g?i model AI: gemini-3.1-flash-lite
Status: SUCCESS (Time: 3969ms)
AI Response:
Chào bạn, rất vui được hỗ trợ bạn lên kế hoạch cho chuyến đi Quy Nhơn sắp tới! Mình là trợ lý ảo của **Quy Nhơn Travel**, rất sẵn lòng giải đáp các thắc mắc của bạn.

**Về bánh xèo tôm nhảy – Đặc sản trứ danh:**
Đây là món ăn nhất định phải thử khi đến Quy Nhơn. Để thưởng thức hương vị chuẩn nhất, bạn có thể ghé một số quán nổi tiếng được người dân địa phương và du khách yêu thích như:
*   **Quán Gia Vỹ:** Nổi tiếng với vỏ bánh giòn rụm và tôm tươi rói.
*   **Quán Ông Hùng:** Một địa chỉ lâu đời, rất quen thuộc với khách du lịch.
*   **Các quán trên đường Diên Hồng:** Khu vực này tập trung rất nhiều quán bánh xèo ngon, không gian bình dân nhưng chất lượng rất ổn định.

**Về Kỳ Co – "Maldives của Việt Nam":**
Kỳ Co thực sự là một "viên ngọc quý" không thể bỏ lỡ trong lịch trình khám phá Quy Nhơn. Nơi đây có vẻ đẹp vô cùng ấn tượng:
*   **Nước biển:** Kỳ Co sở hữu làn nước trong xanh hai màu, nhìn thấy tận đáy, rất thích hợp để bơi lội và thư giãn.
*   **Bãi cát:** Bãi cát trắng mịn, trải dài hình vòng cung ôm lấy bờ biển, tạo nên khung cảnh hoang sơ và kỳ vĩ.
*   **Trải nghiệm:** Bạn có thể tham gia các hoạt động như lặn ngắm san hô (tại Bãi Dứa gần đó), check-in tại cây cầu gỗ vươn ra biển hoặc các tiểu cảnh xinh xắn trên bãi biển.
*   **Cảnh quan:** Những dãy núi đá hùng vĩ bao quanh tạo nên một không gian tách biệt, yên bình và cực kỳ "ăn ảnh" cho những tín đồ sống ảo.

Nếu bạn đang lên lịch trình, **Quy Nhơn Travel** hiện có các tour kết hợp **Kỳ Co – Eo Gió** trong ngày với dịch vụ cano cao tốc và bữa trưa hải sản rất hấp dẫn. Bạn có muốn mình tư vấn chi tiết hơn về lịch trình tour này không?

Chúc bạn có một chuyến đi Quy Nhơn thật đáng nhớ!
=====================================
]]></system-out>
    <system-err><![CDATA[Mockito is currently self-attaching to enable the inline-mock-maker. This will no longer work in future releases of the JDK. Please add Mockito as an agent to your build as described in Mockito's documentation: https://javadoc.io/doc/org.mockito/mockito-core/latest/org.mockito/org/mockito/Mockito.html#0.3
WARNING: A Java agent has been loaded dynamically (C:\Users\bossPC\.m2\repository\net\bytebuddy\byte-buddy-agent\1.17.8\byte-buddy-agent-1.17.8.jar)
WARNING: If a serviceability tool is in use, please run with -XX:+EnableDynamicAgentLoading to hide this warning
WARNING: If a serviceability tool is not in use, please run with -Djdk.instrument.traceUsage for more information
WARNING: Dynamic loading of agents will be disallowed by default in a future release
]]></system-err>
  </testcase>
</testsuite>